<!DOCTYPE html>

<html>
  <head>
  <meta charset='utf-8'>
  <title>TestNG reports</title>

    <link type="text/css" href="testng-reports.css" rel="stylesheet" />
    <script type="text/javascript" src="jquery-1.7.1.min.js"></script>
    <script type="text/javascript" src="testng-reports.js"></script>
    <script type="text/javascript" src="https://www.google.com/jsapi"></script>
    <script type='text/javascript'>
      google.load('visualization', '1', {packages:['table']});
      google.setOnLoadCallback(drawTable);
      var suiteTableInitFunctions = new Array();
      var suiteTableData = new Array();
    </script>
    <!--
      <script type="text/javascript" src="jquery-ui/js/jquery-ui-1.8.16.custom.min.js"></script>
     -->
  </head>

  <body>
    <div class="top-banner-root">
      <span class="top-banner-title-font">Test results</span>
      <br/>
      <span class="top-banner-font-1">1 suite, 3 failed tests</span>
    </div> <!-- top-banner-root -->
    <div class="navigator-root">
      <div class="navigator-suite-header">
        <span>All suites</span>
        <a href="#" class="collapse-all-link" title="Collapse/expand all the suites">
          <img class="collapse-all-icon" src="collapseall.gif">
          </img> <!-- collapse-all-icon -->
        </a> <!-- collapse-all-link -->
      </div> <!-- navigator-suite-header -->
      <div class="suite">
        <div class="rounded-window">
          <div class="suite-header light-rounded-window-top">
            <a href="#" class="navigator-link" panel-name="suite-Data_Driven_Basics">
              <span class="suite-name border-failed">Data Driven Basics</span>
            </a> <!-- navigator-link -->
          </div> <!-- suite-header light-rounded-window-top -->
          <div class="navigator-suite-content">
            <div class="suite-section-title">
              <span>Info</span>
            </div> <!-- suite-section-title -->
            <div class="suite-section-content">
              <ul>
                <li>
                  <a href="#" class="navigator-link " panel-name="test-xml-Data_Driven_Basics">
                    <span>D:\eclipse-workspace\DataDrivenFrameWork12345\src\test\resources\runner\testng.xml</span>
                  </a> <!-- navigator-link  -->
                </li>
                <li>
                  <a href="#" class="navigator-link " panel-name="testlist-Data_Driven_Basics">
                    <span class="test-stats">2 tests</span>
                  </a> <!-- navigator-link  -->
                </li>
                <li>
                  <a href="#" class="navigator-link " panel-name="group-Data_Driven_Basics">
                    <span>0 groups</span>
                  </a> <!-- navigator-link  -->
                </li>
                <li>
                  <a href="#" class="navigator-link " panel-name="times-Data_Driven_Basics">
                    <span>Times</span>
                  </a> <!-- navigator-link  -->
                </li>
                <li>
                  <a href="#" class="navigator-link " panel-name="reporter-Data_Driven_Basics">
                    <span>Reporter output</span>
                  </a> <!-- navigator-link  -->
                </li>
                <li>
                  <a href="#" class="navigator-link " panel-name="ignored-methods-Data_Driven_Basics">
                    <span>Ignored methods</span>
                  </a> <!-- navigator-link  -->
                </li>
                <li>
                  <a href="#" class="navigator-link " panel-name="chronological-Data_Driven_Basics">
                    <span>Chronological view</span>
                  </a> <!-- navigator-link  -->
                </li>
              </ul>
            </div> <!-- suite-section-content -->
            <div class="result-section">
              <div class="suite-section-title">
                <span>Results</span>
              </div> <!-- suite-section-title -->
              <div class="suite-section-content">
                <ul>
                  <li>
                    <span class="method-stats">5 methods, 3 failed,  2 skipped,  </span>
                  </li>
                  <li>
                    <span class="method-list-title failed">Failed methods</span>
                    <span class="show-or-hide-methods failed">
                      <a href="#" panel-name="suite-Data_Driven_Basics" class="hide-methods failed suite-Data_Driven_Basics"> (hide)</a> <!-- hide-methods failed suite-Data_Driven_Basics -->
                      <a href="#" panel-name="suite-Data_Driven_Basics" class="show-methods failed suite-Data_Driven_Basics"> (show)</a> <!-- show-methods failed suite-Data_Driven_Basics -->
                    </span>
                    <div class="method-list-content failed suite-Data_Driven_Basics">
                      <span>
                        <img width="3%" src="failed.png"/>
                        <a href="#" class="method navigator-link" panel-name="suite-Data_Driven_Basics" title="com.w2a.testcases.DesignmateLoginTest" hash-for-method="designmateLogintest(path03819@gmail.com, dm@1234, Y)">designmateLogintest(path03819@gmail.com, dm@1234, Y)</a> <!-- method navigator-link -->
                      </span>
                      <br/>
                      <span>
                        <img width="3%" src="failed.png"/>
                        <a href="#" class="method navigator-link" panel-name="suite-Data_Driven_Basics" title="com.w2a.testcases.DesignmateLoginTest" hash-for-method="designmateLogintest(designmate.hasmukh@gmail.com, dm@1234, Y)">designmateLogintest(designmate.hasmukh@gmail.com, dm@1234, Y)</a> <!-- method navigator-link -->
                      </span>
                      <br/>
                      <span>
                        <img width="3%" src="failed.png"/>
                        <a href="#" class="method navigator-link" panel-name="suite-Data_Driven_Basics" title="com.w2a.testcases.DesignmateLoginTest" hash-for-method="designmateLogintest(hasy0712@gmail.com, dm@1234, Y)">designmateLogintest(hasy0712@gmail.com, dm@1234, Y)</a> <!-- method navigator-link -->
                      </span>
                      <br/>
                    </div> <!-- method-list-content failed suite-Data_Driven_Basics -->
                  </li>
                  <li>
                    <span class="method-list-title skipped">Skipped methods</span>
                    <span class="show-or-hide-methods skipped">
                      <a href="#" panel-name="suite-Data_Driven_Basics" class="hide-methods skipped suite-Data_Driven_Basics"> (hide)</a> <!-- hide-methods skipped suite-Data_Driven_Basics -->
                      <a href="#" panel-name="suite-Data_Driven_Basics" class="show-methods skipped suite-Data_Driven_Basics"> (show)</a> <!-- show-methods skipped suite-Data_Driven_Basics -->
                    </span>
                    <div class="method-list-content skipped suite-Data_Driven_Basics">
                      <span>
                        <img width="3%" src="skipped.png"/>
                        <a href="#" class="method navigator-link" panel-name="suite-Data_Driven_Basics" title="com.w2a.testcases.DesignmateSignUpTest" hash-for-method="designmateSignUpTest">designmateSignUpTest</a> <!-- method navigator-link -->
                      </span>
                      <br/>
                      <span>
                        <img width="3%" src="skipped.png"/>
                        <a href="#" class="method navigator-link" panel-name="suite-Data_Driven_Basics" title="com.w2a.testcases.DesignmateSignUpTest" hash-for-method="designmateSignUpTest">designmateSignUpTest</a> <!-- method navigator-link -->
                      </span>
                      <br/>
                    </div> <!-- method-list-content skipped suite-Data_Driven_Basics -->
                  </li>
                </ul>
              </div> <!-- suite-section-content -->
            </div> <!-- result-section -->
          </div> <!-- navigator-suite-content -->
        </div> <!-- rounded-window -->
      </div> <!-- suite -->
    </div> <!-- navigator-root -->
    <div class="wrapper">
      <div class="main-panel-root">
        <div panel-name="suite-Data_Driven_Basics" class="panel Data_Driven_Basics">
          <div class="suite-Data_Driven_Basics-class-failed">
            <div class="main-panel-header rounded-window-top">
              <img src="failed.png"/>
              <span class="class-name">com.w2a.testcases.DesignmateLoginTest</span>
            </div> <!-- main-panel-header rounded-window-top -->
            <div class="main-panel-content rounded-window-bottom">
              <div class="method">
                <div class="method-content">
                  <a name="designmateLogintest(path03819@gmail.com, dm@1234, Y)">
                  </a> <!-- designmateLogintest(path03819@gmail.com, dm@1234, Y) -->
                  <span class="method-name">designmateLogintest</span>
                  <span class="parameters">(path03819@gmail.com, dm@1234, Y)</span>
                  <div class="stack-trace">org.openqa.selenium.NoSuchElementException: Unable to locate element: //*[@id=&quot;Header1_lbl_linksignup&quot;]
For documentation on this error, please visit: https://www.seleniumhq.org/exceptions/no_such_element.html
Build info: version: &apos;3.141.59&apos;, revision: &apos;e82be7d358&apos;, time: &apos;2018-11-14T08:17:03&apos;
System info: host: &apos;DM&apos;, ip: &apos;10.33.52.55&apos;, os.name: &apos;Windows 8.1&apos;, os.arch: &apos;amd64&apos;, os.version: &apos;6.3&apos;, java.version: &apos;1.8.0_172&apos;
Driver info: org.openqa.selenium.firefox.FirefoxDriver
Capabilities {acceptInsecureCerts: true, browserName: firefox, browserVersion: 70.0.1, javascriptEnabled: true, moz:accessibilityChecks: false, moz:buildID: 20191030021342, moz:geckodriverVersion: 0.26.0, moz:headless: false, moz:processID: 6828, moz:profile: C:\Windows\Temp\rust_mozpro..., moz:shutdownTimeout: 60000, moz:useNonSpecCompliantPointerOrigin: false, moz:webdriverClick: true, pageLoadStrategy: normal, platform: WINDOWS, platformName: WINDOWS, platformVersion: 6.3, rotatable: false, setWindowRect: true, strictFileInteractability: false, timeouts: {implicit: 0, pageLoad: 300000, script: 30000}, unhandledPromptBehavior: dismiss and notify}
Session ID: 5793e165-daa0-461a-a363-93ae4660eec3
*** Element info: {Using=xpath, value=//*[@id=&quot;Header1_lbl_linksignup&quot;]}
	at org.openqa.selenium.remote.http.W3CHttpResponseCodec.createException(W3CHttpResponseCodec.java:187)
	at org.openqa.selenium.remote.http.W3CHttpResponseCodec.decode(W3CHttpResponseCodec.java:122)
	at org.openqa.selenium.remote.http.W3CHttpResponseCodec.decode(W3CHttpResponseCodec.java:49)
	at org.openqa.selenium.remote.HttpCommandExecutor.execute(HttpCommandExecutor.java:158)
	at org.openqa.selenium.remote.service.DriverCommandExecutor.execute(DriverCommandExecutor.java:83)
	at org.openqa.selenium.remote.RemoteWebDriver.execute(RemoteWebDriver.java:552)
	at org.openqa.selenium.remote.RemoteWebDriver.findElement(RemoteWebDriver.java:323)
	at org.openqa.selenium.remote.RemoteWebDriver.findElementByXPath(RemoteWebDriver.java:428)
	at org.openqa.selenium.By$ByXPath.findElement(By.java:353)
	at org.openqa.selenium.remote.RemoteWebDriver.findElement(RemoteWebDriver.java:315)
	at com.w2a.base.TestBase.click(TestBase.java:92)
	at com.w2a.testcases.DesignmateLoginTest.designmateLogintest(DesignmateLoginTest.java:23)
... Removed 32 stack frames
</div> <!-- stack-trace -->
                </div> <!-- method-content -->
              </div> <!-- method -->
              <div class="method">
                <div class="method-content">
                  <a name="designmateLogintest(designmate.hasmukh@gmail.com, dm@1234, Y)">
                  </a> <!-- designmateLogintest(designmate.hasmukh@gmail.com, dm@1234, Y) -->
                  <span class="method-name">designmateLogintest</span>
                  <span class="parameters">(designmate.hasmukh@gmail.com, dm@1234, Y)</span>
                  <div class="stack-trace">org.openqa.selenium.ElementNotInteractableException: Element &lt;a href=&quot;logout.aspx&quot;&gt; could not be scrolled into view
Build info: version: &apos;3.141.59&apos;, revision: &apos;e82be7d358&apos;, time: &apos;2018-11-14T08:17:03&apos;
System info: host: &apos;DM&apos;, ip: &apos;10.33.52.55&apos;, os.name: &apos;Windows 8.1&apos;, os.arch: &apos;amd64&apos;, os.version: &apos;6.3&apos;, java.version: &apos;1.8.0_172&apos;
Driver info: org.openqa.selenium.firefox.FirefoxDriver
Capabilities {acceptInsecureCerts: true, browserName: firefox, browserVersion: 70.0.1, javascriptEnabled: true, moz:accessibilityChecks: false, moz:buildID: 20191030021342, moz:geckodriverVersion: 0.26.0, moz:headless: false, moz:processID: 6828, moz:profile: C:\Windows\Temp\rust_mozpro..., moz:shutdownTimeout: 60000, moz:useNonSpecCompliantPointerOrigin: false, moz:webdriverClick: true, pageLoadStrategy: normal, platform: WINDOWS, platformName: WINDOWS, platformVersion: 6.3, rotatable: false, setWindowRect: true, strictFileInteractability: false, timeouts: {implicit: 0, pageLoad: 300000, script: 30000}, unhandledPromptBehavior: dismiss and notify}
Session ID: 5793e165-daa0-461a-a363-93ae4660eec3
	at org.openqa.selenium.remote.http.W3CHttpResponseCodec.createException(W3CHttpResponseCodec.java:187)
	at org.openqa.selenium.remote.http.W3CHttpResponseCodec.decode(W3CHttpResponseCodec.java:122)
	at org.openqa.selenium.remote.http.W3CHttpResponseCodec.decode(W3CHttpResponseCodec.java:49)
	at org.openqa.selenium.remote.HttpCommandExecutor.execute(HttpCommandExecutor.java:158)
	at org.openqa.selenium.remote.service.DriverCommandExecutor.execute(DriverCommandExecutor.java:83)
	at org.openqa.selenium.remote.RemoteWebDriver.execute(RemoteWebDriver.java:552)
	at org.openqa.selenium.remote.RemoteWebElement.execute(RemoteWebElement.java:285)
	at org.openqa.selenium.remote.RemoteWebElement.click(RemoteWebElement.java:84)
	at com.w2a.base.TestBase.click(TestBase.java:92)
	at com.w2a.testcases.DesignmateLoginTest.designmateLogintest(DesignmateLoginTest.java:34)
... Removed 32 stack frames
</div> <!-- stack-trace -->
                </div> <!-- method-content -->
              </div> <!-- method -->
              <div class="method">
                <div class="method-content">
                  <a name="designmateLogintest(hasy0712@gmail.com, dm@1234, Y)">
                  </a> <!-- designmateLogintest(hasy0712@gmail.com, dm@1234, Y) -->
                  <span class="method-name">designmateLogintest</span>
                  <span class="parameters">(hasy0712@gmail.com, dm@1234, Y)</span>
                  <div class="stack-trace">org.openqa.selenium.NoSuchElementException: Unable to locate element: //*[@id=&quot;Header1_lbl_linksignup&quot;]
For documentation on this error, please visit: https://www.seleniumhq.org/exceptions/no_such_element.html
Build info: version: &apos;3.141.59&apos;, revision: &apos;e82be7d358&apos;, time: &apos;2018-11-14T08:17:03&apos;
System info: host: &apos;DM&apos;, ip: &apos;10.33.52.55&apos;, os.name: &apos;Windows 8.1&apos;, os.arch: &apos;amd64&apos;, os.version: &apos;6.3&apos;, java.version: &apos;1.8.0_172&apos;
Driver info: org.openqa.selenium.firefox.FirefoxDriver
Capabilities {acceptInsecureCerts: true, browserName: firefox, browserVersion: 70.0.1, javascriptEnabled: true, moz:accessibilityChecks: false, moz:buildID: 20191030021342, moz:geckodriverVersion: 0.26.0, moz:headless: false, moz:processID: 6828, moz:profile: C:\Windows\Temp\rust_mozpro..., moz:shutdownTimeout: 60000, moz:useNonSpecCompliantPointerOrigin: false, moz:webdriverClick: true, pageLoadStrategy: normal, platform: WINDOWS, platformName: WINDOWS, platformVersion: 6.3, rotatable: false, setWindowRect: true, strictFileInteractability: false, timeouts: {implicit: 0, pageLoad: 300000, script: 30000}, unhandledPromptBehavior: dismiss and notify}
Session ID: 5793e165-daa0-461a-a363-93ae4660eec3
*** Element info: {Using=xpath, value=//*[@id=&quot;Header1_lbl_linksignup&quot;]}
	at org.openqa.selenium.remote.http.W3CHttpResponseCodec.createException(W3CHttpResponseCodec.java:187)
	at org.openqa.selenium.remote.http.W3CHttpResponseCodec.decode(W3CHttpResponseCodec.java:122)
	at org.openqa.selenium.remote.http.W3CHttpResponseCodec.decode(W3CHttpResponseCodec.java:49)
	at org.openqa.selenium.remote.HttpCommandExecutor.execute(HttpCommandExecutor.java:158)
	at org.openqa.selenium.remote.service.DriverCommandExecutor.execute(DriverCommandExecutor.java:83)
	at org.openqa.selenium.remote.RemoteWebDriver.execute(RemoteWebDriver.java:552)
	at org.openqa.selenium.remote.RemoteWebDriver.findElement(RemoteWebDriver.java:323)
	at org.openqa.selenium.remote.RemoteWebDriver.findElementByXPath(RemoteWebDriver.java:428)
	at org.openqa.selenium.By$ByXPath.findElement(By.java:353)
	at org.openqa.selenium.remote.RemoteWebDriver.findElement(RemoteWebDriver.java:315)
	at com.w2a.base.TestBase.click(TestBase.java:92)
	at com.w2a.testcases.DesignmateLoginTest.designmateLogintest(DesignmateLoginTest.java:23)
... Removed 32 stack frames
</div> <!-- stack-trace -->
                </div> <!-- method-content -->
              </div> <!-- method -->
            </div> <!-- main-panel-content rounded-window-bottom -->
          </div> <!-- suite-Data_Driven_Basics-class-failed -->
          <div class="suite-Data_Driven_Basics-class-skipped">
            <div class="main-panel-header rounded-window-top">
              <img src="skipped.png"/>
              <span class="class-name">com.w2a.testcases.DesignmateSignUpTest</span>
            </div> <!-- main-panel-header rounded-window-top -->
            <div class="main-panel-content rounded-window-bottom">
              <div class="method">
                <div class="method-content">
                  <a name="designmateSignUpTest">
                  </a> <!-- designmateSignUpTest -->
                  <span class="method-name">designmateSignUpTest</span>
                  <div class="stack-trace">org.openqa.selenium.NoSuchElementException: Unable to locate element: //*[@id=&quot;Header1_lbl_linksignup&quot;]
For documentation on this error, please visit: https://www.seleniumhq.org/exceptions/no_such_element.html
Build info: version: &apos;3.141.59&apos;, revision: &apos;e82be7d358&apos;, time: &apos;2018-11-14T08:17:03&apos;
System info: host: &apos;DM&apos;, ip: &apos;10.33.52.55&apos;, os.name: &apos;Windows 8.1&apos;, os.arch: &apos;amd64&apos;, os.version: &apos;6.3&apos;, java.version: &apos;1.8.0_172&apos;
Driver info: org.openqa.selenium.firefox.FirefoxDriver
Capabilities {acceptInsecureCerts: true, browserName: firefox, browserVersion: 70.0.1, javascriptEnabled: true, moz:accessibilityChecks: false, moz:buildID: 20191030021342, moz:geckodriverVersion: 0.26.0, moz:headless: false, moz:processID: 6828, moz:profile: C:\Windows\Temp\rust_mozpro..., moz:shutdownTimeout: 60000, moz:useNonSpecCompliantPointerOrigin: false, moz:webdriverClick: true, pageLoadStrategy: normal, platform: WINDOWS, platformName: WINDOWS, platformVersion: 6.3, rotatable: false, setWindowRect: true, strictFileInteractability: false, timeouts: {implicit: 0, pageLoad: 300000, script: 30000}, unhandledPromptBehavior: dismiss and notify}
Session ID: 5793e165-daa0-461a-a363-93ae4660eec3
*** Element info: {Using=xpath, value=//*[@id=&quot;Header1_lbl_linksignup&quot;]}
	at org.openqa.selenium.remote.http.W3CHttpResponseCodec.createException(W3CHttpResponseCodec.java:187)
	at org.openqa.selenium.remote.http.W3CHttpResponseCodec.decode(W3CHttpResponseCodec.java:122)
	at org.openqa.selenium.remote.http.W3CHttpResponseCodec.decode(W3CHttpResponseCodec.java:49)
	at org.openqa.selenium.remote.HttpCommandExecutor.execute(HttpCommandExecutor.java:158)
	at org.openqa.selenium.remote.service.DriverCommandExecutor.execute(DriverCommandExecutor.java:83)
	at org.openqa.selenium.remote.RemoteWebDriver.execute(RemoteWebDriver.java:552)
	at org.openqa.selenium.remote.RemoteWebDriver.findElement(RemoteWebDriver.java:323)
	at org.openqa.selenium.remote.RemoteWebDriver.findElementByXPath(RemoteWebDriver.java:428)
	at org.openqa.selenium.By$ByXPath.findElement(By.java:353)
	at org.openqa.selenium.remote.RemoteWebDriver.findElement(RemoteWebDriver.java:315)
	at com.w2a.base.TestBase.click(TestBase.java:92)
	at com.w2a.testcases.DesignmateSignUpTest.testbefor(DesignmateSignUpTest.java:23)
... Removed 30 stack frames
</div> <!-- stack-trace -->
                </div> <!-- method-content -->
              </div> <!-- method -->
              <div class="method">
                <div class="method-content">
                  <a name="designmateSignUpTest">
                  </a> <!-- designmateSignUpTest -->
                  <span class="method-name">designmateSignUpTest</span>
                  <div class="stack-trace">org.openqa.selenium.NoSuchElementException: Unable to locate element: //*[@id=&quot;Header1_lbl_linksignup&quot;]
For documentation on this error, please visit: https://www.seleniumhq.org/exceptions/no_such_element.html
Build info: version: &apos;3.141.59&apos;, revision: &apos;e82be7d358&apos;, time: &apos;2018-11-14T08:17:03&apos;
System info: host: &apos;DM&apos;, ip: &apos;10.33.52.55&apos;, os.name: &apos;Windows 8.1&apos;, os.arch: &apos;amd64&apos;, os.version: &apos;6.3&apos;, java.version: &apos;1.8.0_172&apos;
Driver info: org.openqa.selenium.firefox.FirefoxDriver
Capabilities {acceptInsecureCerts: true, browserName: firefox, browserVersion: 70.0.1, javascriptEnabled: true, moz:accessibilityChecks: false, moz:buildID: 20191030021342, moz:geckodriverVersion: 0.26.0, moz:headless: false, moz:processID: 6828, moz:profile: C:\Windows\Temp\rust_mozpro..., moz:shutdownTimeout: 60000, moz:useNonSpecCompliantPointerOrigin: false, moz:webdriverClick: true, pageLoadStrategy: normal, platform: WINDOWS, platformName: WINDOWS, platformVersion: 6.3, rotatable: false, setWindowRect: true, strictFileInteractability: false, timeouts: {implicit: 0, pageLoad: 300000, script: 30000}, unhandledPromptBehavior: dismiss and notify}
Session ID: 5793e165-daa0-461a-a363-93ae4660eec3
*** Element info: {Using=xpath, value=//*[@id=&quot;Header1_lbl_linksignup&quot;]}
	at org.openqa.selenium.remote.http.W3CHttpResponseCodec.createException(W3CHttpResponseCodec.java:187)
	at org.openqa.selenium.remote.http.W3CHttpResponseCodec.decode(W3CHttpResponseCodec.java:122)
	at org.openqa.selenium.remote.http.W3CHttpResponseCodec.decode(W3CHttpResponseCodec.java:49)
	at org.openqa.selenium.remote.HttpCommandExecutor.execute(HttpCommandExecutor.java:158)
	at org.openqa.selenium.remote.service.DriverCommandExecutor.execute(DriverCommandExecutor.java:83)
	at org.openqa.selenium.remote.RemoteWebDriver.execute(RemoteWebDriver.java:552)
	at org.openqa.selenium.remote.RemoteWebDriver.findElement(RemoteWebDriver.java:323)
	at org.openqa.selenium.remote.RemoteWebDriver.findElementByXPath(RemoteWebDriver.java:428)
	at org.openqa.selenium.By$ByXPath.findElement(By.java:353)
	at org.openqa.selenium.remote.RemoteWebDriver.findElement(RemoteWebDriver.java:315)
	at com.w2a.base.TestBase.click(TestBase.java:92)
	at com.w2a.testcases.DesignmateSignUpTest.testbefor(DesignmateSignUpTest.java:23)
... Removed 30 stack frames
</div> <!-- stack-trace -->
                </div> <!-- method-content -->
              </div> <!-- method -->
            </div> <!-- main-panel-content rounded-window-bottom -->
          </div> <!-- suite-Data_Driven_Basics-class-skipped -->
        </div> <!-- panel Data_Driven_Basics -->
        <div panel-name="test-xml-Data_Driven_Basics" class="panel">
          <div class="main-panel-header rounded-window-top">
            <span class="header-content">D:\eclipse-workspace\DataDrivenFrameWork12345\src\test\resources\runner\testng.xml</span>
          </div> <!-- main-panel-header rounded-window-top -->
          <div class="main-panel-content rounded-window-bottom">
            <pre>
&lt;?xml version=&quot;1.0&quot; encoding=&quot;UTF-8&quot;?&gt;
&lt;!DOCTYPE suite SYSTEM &quot;http://testng.org/testng-1.0.dtd&quot;&gt;
&lt;suite guice-stage=&quot;DEVELOPMENT&quot; verbose=&quot;0&quot; name=&quot;Data Driven Basics&quot;&gt;
  &lt;listeners&gt;
    &lt;listener class-name=&quot;org.uncommons.reportng.HTMLReporter&quot;/&gt;
    &lt;listener class-name=&quot;org.uncommons.reportng.JUnitXMLReporter&quot;/&gt;
    &lt;listener class-name=&quot;com.w2a.listeners.CustomListeners&quot;/&gt;
  &lt;/listeners&gt;
  &lt;test name=&quot;Designmate LoginTest&quot;&gt;
    &lt;classes&gt;
      &lt;class name=&quot;com.w2a.testcases.DesignmateLoginTest&quot;/&gt;
    &lt;/classes&gt;
  &lt;/test&gt; &lt;!-- Designmate LoginTest --&gt;
  &lt;test name=&quot;Designmate SignUp&quot;&gt;
    &lt;classes&gt;
      &lt;class name=&quot;com.w2a.testcases.DesignmateSignUpTest&quot;/&gt;
    &lt;/classes&gt;
  &lt;/test&gt; &lt;!-- Designmate SignUp --&gt;
&lt;/suite&gt; &lt;!-- Data Driven Basics --&gt;
            </pre>
          </div> <!-- main-panel-content rounded-window-bottom -->
        </div> <!-- panel -->
        <div panel-name="testlist-Data_Driven_Basics" class="panel">
          <div class="main-panel-header rounded-window-top">
            <span class="header-content">Tests for Data Driven Basics</span>
          </div> <!-- main-panel-header rounded-window-top -->
          <div class="main-panel-content rounded-window-bottom">
            <ul>
              <li>
                <span class="test-name">Designmate LoginTest (1 class)</span>
              </li>
              <li>
                <span class="test-name">Designmate SignUp (1 class)</span>
              </li>
            </ul>
          </div> <!-- main-panel-content rounded-window-bottom -->
        </div> <!-- panel -->
        <div panel-name="group-Data_Driven_Basics" class="panel">
          <div class="main-panel-header rounded-window-top">
            <span class="header-content">Groups for Data Driven Basics</span>
          </div> <!-- main-panel-header rounded-window-top -->
          <div class="main-panel-content rounded-window-bottom">
          </div> <!-- main-panel-content rounded-window-bottom -->
        </div> <!-- panel -->
        <div panel-name="times-Data_Driven_Basics" class="panel">
          <div class="main-panel-header rounded-window-top">
            <span class="header-content">Times for Data Driven Basics</span>
          </div> <!-- main-panel-header rounded-window-top -->
          <div class="main-panel-content rounded-window-bottom">
            <div class="times-div">
              <script type="text/javascript">
suiteTableInitFunctions.push('tableData_Data_Driven_Basics');
function tableData_Data_Driven_Basics() {
var data = new google.visualization.DataTable();
data.addColumn('number', 'Number');
data.addColumn('string', 'Method');
data.addColumn('string', 'Class');
data.addColumn('number', 'Time (ms)');
data.addRows(5);
data.setCell(0, 0, 0)
data.setCell(0, 1, 'designmateLogintest')
data.setCell(0, 2, 'com.w2a.testcases.DesignmateLoginTest')
data.setCell(0, 3, 10021);
data.setCell(1, 0, 1)
data.setCell(1, 1, 'designmateLogintest')
data.setCell(1, 2, 'com.w2a.testcases.DesignmateLoginTest')
data.setCell(1, 3, 10020);
data.setCell(2, 0, 2)
data.setCell(2, 1, 'designmateLogintest')
data.setCell(2, 2, 'com.w2a.testcases.DesignmateLoginTest')
data.setCell(2, 3, 3960);
data.setCell(3, 0, 3)
data.setCell(3, 1, 'designmateSignUpTest')
data.setCell(3, 2, 'com.w2a.testcases.DesignmateSignUpTest')
data.setCell(3, 3, 1);
data.setCell(4, 0, 4)
data.setCell(4, 1, 'designmateSignUpTest')
data.setCell(4, 2, 'com.w2a.testcases.DesignmateSignUpTest')
data.setCell(4, 3, 0);
window.suiteTableData['Data_Driven_Basics']= { tableData: data, tableDiv: 'times-div-Data_Driven_Basics'}
return data;
}
              </script>
              <span class="suite-total-time">Total running time: 24 seconds</span>
              <div id="times-div-Data_Driven_Basics">
              </div> <!-- times-div-Data_Driven_Basics -->
            </div> <!-- times-div -->
          </div> <!-- main-panel-content rounded-window-bottom -->
        </div> <!-- panel -->
        <div panel-name="reporter-Data_Driven_Basics" class="panel">
          <div class="main-panel-header rounded-window-top">
            <span class="header-content">Reporter output for Data Driven Basics</span>
          </div> <!-- main-panel-header rounded-window-top -->
          <div class="main-panel-content rounded-window-bottom">
            <div class="reporter-method-div">
              <span class="reporter-method-name">designmateLogintest(path03819@gmail.com, dm@1234, Y)</span>
              <div class="reporter-method-output-div">
                <span class="reporter-method-output"><b>Capturing Screenshot</b></span>
                <span class="reporter-method-output"><a target="_blank" href=Wed_Dec_04_14_54_37_IST_2019.jpg>Screenshot</a></span>
                <span class="reporter-method-output"><br></span>
                <span class="reporter-method-output"><a target="_blank" href=Wed_Dec_04_14_54_37_IST_2019.jpg><img src=Wed_Dec_04_14_54_37_IST_2019.jpg height=200; width=200></img></a>"</span>
              </div> <!-- reporter-method-output-div -->
            </div> <!-- reporter-method-div -->
            <div class="reporter-method-div">
              <span class="reporter-method-name">designmateLogintest(designmate.hasmukh@gmail.com, dm@1234, Y)</span>
              <div class="reporter-method-output-div">
                <span class="reporter-method-output"><b>Capturing Screenshot</b></span>
                <span class="reporter-method-output"><a target="_blank" href=Wed_Dec_04_14_54_26_IST_2019.jpg>Screenshot</a></span>
                <span class="reporter-method-output"><br></span>
                <span class="reporter-method-output"><a target="_blank" href=Wed_Dec_04_14_54_26_IST_2019.jpg><img src=Wed_Dec_04_14_54_26_IST_2019.jpg height=200; width=200></img></a>"</span>
              </div> <!-- reporter-method-output-div -->
            </div> <!-- reporter-method-div -->
            <div class="reporter-method-div">
              <span class="reporter-method-name">designmateLogintest(hasy0712@gmail.com, dm@1234, Y)</span>
              <div class="reporter-method-output-div">
                <span class="reporter-method-output"><b>Capturing Screenshot</b></span>
                <span class="reporter-method-output"><a target="_blank" href=Wed_Dec_04_14_54_48_IST_2019.jpg>Screenshot</a></span>
                <span class="reporter-method-output"><br></span>
                <span class="reporter-method-output"><a target="_blank" href=Wed_Dec_04_14_54_48_IST_2019.jpg><img src=Wed_Dec_04_14_54_48_IST_2019.jpg height=200; width=200></img></a>"</span>
              </div> <!-- reporter-method-output-div -->
            </div> <!-- reporter-method-div -->
          </div> <!-- main-panel-content rounded-window-bottom -->
        </div> <!-- panel -->
        <div panel-name="ignored-methods-Data_Driven_Basics" class="panel">
          <div class="main-panel-header rounded-window-top">
            <span class="header-content">0 ignored methods</span>
          </div> <!-- main-panel-header rounded-window-top -->
          <div class="main-panel-content rounded-window-bottom">
          </div> <!-- main-panel-content rounded-window-bottom -->
        </div> <!-- panel -->
        <div panel-name="chronological-Data_Driven_Basics" class="panel">
          <div class="main-panel-header rounded-window-top">
            <span class="header-content">Methods in chronological order</span>
          </div> <!-- main-panel-header rounded-window-top -->
          <div class="main-panel-content rounded-window-bottom">
            <div class="chronological-class">
              <div class="chronological-class-name">com.w2a.testcases.DesignmateSignUpTest</div> <!-- chronological-class-name -->
              <div class="configuration-suite before">
                <span class="method-name">setUp</span>
                <span class="method-start">0 ms</span>
              </div> <!-- configuration-suite before -->
            </div> <!-- chronological-class -->
            <div class="chronological-class">
              <div class="chronological-class-name">com.w2a.testcases.DesignmateLoginTest</div> <!-- chronological-class-name -->
              <div class="test-method">
                <img src="failed.png">
                </img>
                <span class="method-name">designmateLogintest(designmate.hasmukh@gmail.com, dm@1234, Y)</span>
                <span class="method-start">23983 ms</span>
              </div> <!-- test-method -->
              <div class="test-method">
                <img src="failed.png">
                </img>
                <span class="method-name">designmateLogintest(path03819@gmail.com, dm@1234, Y)</span>
                <span class="method-start">29443 ms</span>
              </div> <!-- test-method -->
              <div class="test-method">
                <img src="failed.png">
                </img>
                <span class="method-name">designmateLogintest(hasy0712@gmail.com, dm@1234, Y)</span>
                <span class="method-start">40025 ms</span>
              </div> <!-- test-method -->
            </div> <!-- chronological-class -->
            <div class="chronological-class">
              <div class="chronological-class-name">com.w2a.testcases.DesignmateSignUpTest</div> <!-- chronological-class-name -->
              <div class="configuration-test before">
                <img src="failed.png">
                </img>
                <span class="method-name">testbefor</span>
                <span class="method-start">50615 ms</span>
              </div> <!-- configuration-test before -->
          </div> <!-- main-panel-content rounded-window-bottom -->
        </div> <!-- panel -->
      </div> <!-- main-panel-root -->
    </div> <!-- wrapper -->
  </body>
</html>
